C:\USERS\DANIEL\DOCUMENTS\VISUAL STUDIO 2012\PROJECTS\CS432PROJECTONE\CS432PROJECTONE\DEBUG\ASST3.OBJ
C:\USERS\DANIEL\DOCUMENTS\VISUAL STUDIO 2012\PROJECTS\CS432PROJECTONE\CS432PROJECTONE\DEBUG\CS432.OBJ
C:\USERS\DANIEL\DOCUMENTS\VISUAL STUDIO 2012\PROJECTS\CS432PROJECTONE\CS432PROJECTONE\DEBUG\FLOOR_PLAN.OBJ
C:\USERS\DANIEL\DOCUMENTS\VISUAL STUDIO 2012\PROJECTS\CS432PROJECTONE\CS432PROJECTONE\DEBUG\MAIN.OBJ
C:\USERS\DANIEL\DOCUMENTS\VISUAL STUDIO 2012\PROJECTS\CS432PROJECTONE\CS432PROJECTONE\DEBUG\MAIN2.OBJ
C:\USERS\DANIEL\DOCUMENTS\VISUAL STUDIO 2012\PROJECTS\CS432PROJECTONE\CS432PROJECTONE\DEBUG\MAT.OBJ
C:\USERS\DANIEL\DOCUMENTS\VISUAL STUDIO 2012\PROJECTS\CS432PROJECTONE\CS432PROJECTONE\DEBUG\MATSTACK.OBJ
C:\USERS\DANIEL\DOCUMENTS\VISUAL STUDIO 2012\PROJECTS\CS432PROJECTONE\CS432PROJECTONE\DEBUG\OBJPARSER.OBJ
C:\USERS\DANIEL\DOCUMENTS\VISUAL STUDIO 2012\PROJECTS\CS432PROJECTONE\CS432PROJECTONE\DEBUG\PICKING.OBJ
C:\USERS\DANIEL\DOCUMENTS\VISUAL STUDIO 2012\PROJECTS\CS432PROJECTONE\CS432PROJECTONE\DEBUG\ROBOTMAIN.OBJ
C:\USERS\DANIEL\DOCUMENTS\VISUAL STUDIO 2012\PROJECTS\CS432PROJECTONE\CS432PROJECTONE\DEBUG\SIMPLEMAIN2.OBJ
C:\USERS\DANIEL\DOCUMENTS\VISUAL STUDIO 2012\PROJECTS\CS432PROJECTONE\CS432PROJECTONE\DEBUG\TORUS.OBJ
C:\USERS\DANIEL\DOCUMENTS\VISUAL STUDIO 2012\PROJECTS\CS432PROJECTONE\CS432PROJECTONE\DEBUG\VEC.OBJ
C:\USERS\DANIEL\DOCUMENTS\VISUAL STUDIO 2012\PROJECTS\CS432PROJECTONE\CS432PROJECTONE\DEBUG\VC110.PDB
C:\USERS\DANIEL\DOCUMENTS\VISUAL STUDIO 2012\PROJECTS\CS432PROJECTONE\DEBUG\CS432PROJECTONE.ILK
C:\USERS\DANIEL\DOCUMENTS\VISUAL STUDIO 2012\PROJECTS\CS432PROJECTONE\DEBUG\CS432PROJECTONE.EXE
C:\USERS\DANIEL\DOCUMENTS\VISUAL STUDIO 2012\PROJECTS\CS432PROJECTONE\DEBUG\CS432PROJECTONE.PDB
C:\Users\Daniel\documents\visual studio 2012\Projects\CS432ProjectOne\CS432ProjectOne\Debug\asst3.obj
C:\Users\Daniel\documents\visual studio 2012\Projects\CS432ProjectOne\CS432ProjectOne\Debug\cs432.obj
C:\Users\Daniel\documents\visual studio 2012\Projects\CS432ProjectOne\CS432ProjectOne\Debug\floor_plan.obj
C:\Users\Daniel\documents\visual studio 2012\Projects\CS432ProjectOne\CS432ProjectOne\Debug\main.obj
C:\Users\Daniel\documents\visual studio 2012\Projects\CS432ProjectOne\CS432ProjectOne\Debug\main2.obj
C:\Users\Daniel\documents\visual studio 2012\Projects\CS432ProjectOne\CS432ProjectOne\Debug\mat.obj
C:\Users\Daniel\documents\visual studio 2012\Projects\CS432ProjectOne\CS432ProjectOne\Debug\matStack.obj
C:\Users\Daniel\documents\visual studio 2012\Projects\CS432ProjectOne\CS432ProjectOne\Debug\objparser.obj
C:\Users\Daniel\documents\visual studio 2012\Projects\CS432ProjectOne\CS432ProjectOne\Debug\picking.obj
C:\Users\Daniel\documents\visual studio 2012\Projects\CS432ProjectOne\CS432ProjectOne\Debug\robotMain.obj
C:\Users\Daniel\documents\visual studio 2012\Projects\CS432ProjectOne\CS432ProjectOne\Debug\simpleMain2.obj
C:\Users\Daniel\documents\visual studio 2012\Projects\CS432ProjectOne\CS432ProjectOne\Debug\torus.obj
C:\Users\Daniel\documents\visual studio 2012\Projects\CS432ProjectOne\CS432ProjectOne\Debug\vec.obj
C:\Users\Daniel\documents\visual studio 2012\Projects\CS432ProjectOne\CS432ProjectOne\Debug\cl.command.1.tlog
C:\Users\Daniel\documents\visual studio 2012\Projects\CS432ProjectOne\CS432ProjectOne\Debug\CL.read.1.tlog
C:\Users\Daniel\documents\visual studio 2012\Projects\CS432ProjectOne\CS432ProjectOne\Debug\CL.write.1.tlog
C:\Users\Daniel\documents\visual studio 2012\Projects\CS432ProjectOne\CS432ProjectOne\Debug\link-cvtres.read.1.tlog
C:\Users\Daniel\documents\visual studio 2012\Projects\CS432ProjectOne\CS432ProjectOne\Debug\link-cvtres.write.1.tlog
C:\Users\Daniel\documents\visual studio 2012\Projects\CS432ProjectOne\CS432ProjectOne\Debug\link-rc.read.1.tlog
C:\Users\Daniel\documents\visual studio 2012\Projects\CS432ProjectOne\CS432ProjectOne\Debug\link-rc.write.1.tlog
C:\Users\Daniel\documents\visual studio 2012\Projects\CS432ProjectOne\CS432ProjectOne\Debug\link.2228-cvtres.read.1.tlog
C:\Users\Daniel\documents\visual studio 2012\Projects\CS432ProjectOne\CS432ProjectOne\Debug\link.2228-cvtres.write.1.tlog
C:\Users\Daniel\documents\visual studio 2012\Projects\CS432ProjectOne\CS432ProjectOne\Debug\link.2228-rc.read.1.tlog
C:\Users\Daniel\documents\visual studio 2012\Projects\CS432ProjectOne\CS432ProjectOne\Debug\link.2228-rc.write.1.tlog
C:\Users\Daniel\documents\visual studio 2012\Projects\CS432ProjectOne\CS432ProjectOne\Debug\link.2228.read.1.tlog
C:\Users\Daniel\documents\visual studio 2012\Projects\CS432ProjectOne\CS432ProjectOne\Debug\link.2228.write.1.tlog
C:\Users\Daniel\documents\visual studio 2012\Projects\CS432ProjectOne\CS432ProjectOne\Debug\link.2564-cvtres.read.1.tlog
C:\Users\Daniel\documents\visual studio 2012\Projects\CS432ProjectOne\CS432ProjectOne\Debug\link.2564-cvtres.write.1.tlog
C:\Users\Daniel\documents\visual studio 2012\Projects\CS432ProjectOne\CS432ProjectOne\Debug\link.2564-rc.read.1.tlog
C:\Users\Daniel\documents\visual studio 2012\Projects\CS432ProjectOne\CS432ProjectOne\Debug\link.2564-rc.write.1.tlog
C:\Users\Daniel\documents\visual studio 2012\Projects\CS432ProjectOne\CS432ProjectOne\Debug\link.2564.read.1.tlog
C:\Users\Daniel\documents\visual studio 2012\Projects\CS432ProjectOne\CS432ProjectOne\Debug\link.2564.write.1.tlog
C:\Users\Daniel\documents\visual studio 2012\Projects\CS432ProjectOne\CS432ProjectOne\Debug\link.3616-cvtres.read.1.tlog
C:\Users\Daniel\documents\visual studio 2012\Projects\CS432ProjectOne\CS432ProjectOne\Debug\link.3616-cvtres.write.1.tlog
C:\Users\Daniel\documents\visual studio 2012\Projects\CS432ProjectOne\CS432ProjectOne\Debug\link.3616-rc.read.1.tlog
C:\Users\Daniel\documents\visual studio 2012\Projects\CS432ProjectOne\CS432ProjectOne\Debug\link.3616-rc.write.1.tlog
C:\Users\Daniel\documents\visual studio 2012\Projects\CS432ProjectOne\CS432ProjectOne\Debug\link.3616.read.1.tlog
C:\Users\Daniel\documents\visual studio 2012\Projects\CS432ProjectOne\CS432ProjectOne\Debug\link.3616.write.1.tlog
C:\Users\Daniel\documents\visual studio 2012\Projects\CS432ProjectOne\CS432ProjectOne\Debug\link.3692-cvtres.read.1.tlog
C:\Users\Daniel\documents\visual studio 2012\Projects\CS432ProjectOne\CS432ProjectOne\Debug\link.3692-cvtres.write.1.tlog
C:\Users\Daniel\documents\visual studio 2012\Projects\CS432ProjectOne\CS432ProjectOne\Debug\link.3692-rc.read.1.tlog
C:\Users\Daniel\documents\visual studio 2012\Projects\CS432ProjectOne\CS432ProjectOne\Debug\link.3692-rc.write.1.tlog
C:\Users\Daniel\documents\visual studio 2012\Projects\CS432ProjectOne\CS432ProjectOne\Debug\link.3692.read.1.tlog
C:\Users\Daniel\documents\visual studio 2012\Projects\CS432ProjectOne\CS432ProjectOne\Debug\link.3692.write.1.tlog
C:\Users\Daniel\documents\visual studio 2012\Projects\CS432ProjectOne\CS432ProjectOne\Debug\link.4244-cvtres.read.1.tlog
C:\Users\Daniel\documents\visual studio 2012\Projects\CS432ProjectOne\CS432ProjectOne\Debug\link.4244-cvtres.write.1.tlog
C:\Users\Daniel\documents\visual studio 2012\Projects\CS432ProjectOne\CS432ProjectOne\Debug\link.4244-rc.read.1.tlog
C:\Users\Daniel\documents\visual studio 2012\Projects\CS432ProjectOne\CS432ProjectOne\Debug\link.4244-rc.write.1.tlog
C:\Users\Daniel\documents\visual studio 2012\Projects\CS432ProjectOne\CS432ProjectOne\Debug\link.4244.read.1.tlog
C:\Users\Daniel\documents\visual studio 2012\Projects\CS432ProjectOne\CS432ProjectOne\Debug\link.4244.write.1.tlog
C:\Users\Daniel\documents\visual studio 2012\Projects\CS432ProjectOne\CS432ProjectOne\Debug\link.4252-cvtres.read.1.tlog
C:\Users\Daniel\documents\visual studio 2012\Projects\CS432ProjectOne\CS432ProjectOne\Debug\link.4252-cvtres.write.1.tlog
C:\Users\Daniel\documents\visual studio 2012\Projects\CS432ProjectOne\CS432ProjectOne\Debug\link.4252-rc.read.1.tlog
C:\Users\Daniel\documents\visual studio 2012\Projects\CS432ProjectOne\CS432ProjectOne\Debug\link.4252-rc.write.1.tlog
C:\Users\Daniel\documents\visual studio 2012\Projects\CS432ProjectOne\CS432ProjectOne\Debug\link.4252.read.1.tlog
C:\Users\Daniel\documents\visual studio 2012\Projects\CS432ProjectOne\CS432ProjectOne\Debug\link.4252.write.1.tlog
C:\Users\Daniel\documents\visual studio 2012\Projects\CS432ProjectOne\CS432ProjectOne\Debug\link.4764-cvtres.read.1.tlog
C:\Users\Daniel\documents\visual studio 2012\Projects\CS432ProjectOne\CS432ProjectOne\Debug\link.4764-cvtres.write.1.tlog
C:\Users\Daniel\documents\visual studio 2012\Projects\CS432ProjectOne\CS432ProjectOne\Debug\link.4764-rc.read.1.tlog
C:\Users\Daniel\documents\visual studio 2012\Projects\CS432ProjectOne\CS432ProjectOne\Debug\link.4764-rc.write.1.tlog
C:\Users\Daniel\documents\visual studio 2012\Projects\CS432ProjectOne\CS432ProjectOne\Debug\link.4764.read.1.tlog
C:\Users\Daniel\documents\visual studio 2012\Projects\CS432ProjectOne\CS432ProjectOne\Debug\link.4764.write.1.tlog
C:\Users\Daniel\documents\visual studio 2012\Projects\CS432ProjectOne\CS432ProjectOne\Debug\link.5160-cvtres.read.1.tlog
C:\Users\Daniel\documents\visual studio 2012\Projects\CS432ProjectOne\CS432ProjectOne\Debug\link.5160-cvtres.write.1.tlog
C:\Users\Daniel\documents\visual studio 2012\Projects\CS432ProjectOne\CS432ProjectOne\Debug\link.5160-rc.read.1.tlog
C:\Users\Daniel\documents\visual studio 2012\Projects\CS432ProjectOne\CS432ProjectOne\Debug\link.5160-rc.write.1.tlog
C:\Users\Daniel\documents\visual studio 2012\Projects\CS432ProjectOne\CS432ProjectOne\Debug\link.5160.read.1.tlog
C:\Users\Daniel\documents\visual studio 2012\Projects\CS432ProjectOne\CS432ProjectOne\Debug\link.5160.write.1.tlog
C:\Users\Daniel\documents\visual studio 2012\Projects\CS432ProjectOne\CS432ProjectOne\Debug\link.5456-cvtres.read.1.tlog
C:\Users\Daniel\documents\visual studio 2012\Projects\CS432ProjectOne\CS432ProjectOne\Debug\link.5456-cvtres.write.1.tlog
C:\Users\Daniel\documents\visual studio 2012\Projects\CS432ProjectOne\CS432ProjectOne\Debug\link.5456-rc.read.1.tlog
C:\Users\Daniel\documents\visual studio 2012\Projects\CS432ProjectOne\CS432ProjectOne\Debug\link.5456-rc.write.1.tlog
C:\Users\Daniel\documents\visual studio 2012\Projects\CS432ProjectOne\CS432ProjectOne\Debug\link.5456.read.1.tlog
C:\Users\Daniel\documents\visual studio 2012\Projects\CS432ProjectOne\CS432ProjectOne\Debug\link.5456.write.1.tlog
C:\Users\Daniel\documents\visual studio 2012\Projects\CS432ProjectOne\CS432ProjectOne\Debug\link.5688-cvtres.read.1.tlog
C:\Users\Daniel\documents\visual studio 2012\Projects\CS432ProjectOne\CS432ProjectOne\Debug\link.5688-cvtres.write.1.tlog
C:\Users\Daniel\documents\visual studio 2012\Projects\CS432ProjectOne\CS432ProjectOne\Debug\link.5688-rc.read.1.tlog
C:\Users\Daniel\documents\visual studio 2012\Projects\CS432ProjectOne\CS432ProjectOne\Debug\link.5688-rc.write.1.tlog
C:\Users\Daniel\documents\visual studio 2012\Projects\CS432ProjectOne\CS432ProjectOne\Debug\link.5688.read.1.tlog
C:\Users\Daniel\documents\visual studio 2012\Projects\CS432ProjectOne\CS432ProjectOne\Debug\link.5688.write.1.tlog
C:\Users\Daniel\documents\visual studio 2012\Projects\CS432ProjectOne\CS432ProjectOne\Debug\link.5880-cvtres.read.1.tlog
C:\Users\Daniel\documents\visual studio 2012\Projects\CS432ProjectOne\CS432ProjectOne\Debug\link.5880-cvtres.write.1.tlog
C:\Users\Daniel\documents\visual studio 2012\Projects\CS432ProjectOne\CS432ProjectOne\Debug\link.5880-rc.read.1.tlog
C:\Users\Daniel\documents\visual studio 2012\Projects\CS432ProjectOne\CS432ProjectOne\Debug\link.5880-rc.write.1.tlog
C:\Users\Daniel\documents\visual studio 2012\Projects\CS432ProjectOne\CS432ProjectOne\Debug\link.5880.read.1.tlog
C:\Users\Daniel\documents\visual studio 2012\Projects\CS432ProjectOne\CS432ProjectOne\Debug\link.5880.write.1.tlog
C:\Users\Daniel\documents\visual studio 2012\Projects\CS432ProjectOne\CS432ProjectOne\Debug\link.6036-cvtres.read.1.tlog
C:\Users\Daniel\documents\visual studio 2012\Projects\CS432ProjectOne\CS432ProjectOne\Debug\link.6036-cvtres.write.1.tlog
C:\Users\Daniel\documents\visual studio 2012\Projects\CS432ProjectOne\CS432ProjectOne\Debug\link.6036-rc.read.1.tlog
C:\Users\Daniel\documents\visual studio 2012\Projects\CS432ProjectOne\CS432ProjectOne\Debug\link.6036-rc.write.1.tlog
C:\Users\Daniel\documents\visual studio 2012\Projects\CS432ProjectOne\CS432ProjectOne\Debug\link.6036.read.1.tlog
C:\Users\Daniel\documents\visual studio 2012\Projects\CS432ProjectOne\CS432ProjectOne\Debug\link.6036.write.1.tlog
C:\Users\Daniel\documents\visual studio 2012\Projects\CS432ProjectOne\CS432ProjectOne\Debug\link.6148-cvtres.read.1.tlog
C:\Users\Daniel\documents\visual studio 2012\Projects\CS432ProjectOne\CS432ProjectOne\Debug\link.6148-cvtres.write.1.tlog
C:\Users\Daniel\documents\visual studio 2012\Projects\CS432ProjectOne\CS432ProjectOne\Debug\link.6148-rc.read.1.tlog
C:\Users\Daniel\documents\visual studio 2012\Projects\CS432ProjectOne\CS432ProjectOne\Debug\link.6148-rc.write.1.tlog
C:\Users\Daniel\documents\visual studio 2012\Projects\CS432ProjectOne\CS432ProjectOne\Debug\link.6148.read.1.tlog
C:\Users\Daniel\documents\visual studio 2012\Projects\CS432ProjectOne\CS432ProjectOne\Debug\link.6148.write.1.tlog
C:\Users\Daniel\documents\visual studio 2012\Projects\CS432ProjectOne\CS432ProjectOne\Debug\link.6228-cvtres.read.1.tlog
C:\Users\Daniel\documents\visual studio 2012\Projects\CS432ProjectOne\CS432ProjectOne\Debug\link.6228-cvtres.write.1.tlog
C:\Users\Daniel\documents\visual studio 2012\Projects\CS432ProjectOne\CS432ProjectOne\Debug\link.6228-rc.read.1.tlog
C:\Users\Daniel\documents\visual studio 2012\Projects\CS432ProjectOne\CS432ProjectOne\Debug\link.6228-rc.write.1.tlog
C:\Users\Daniel\documents\visual studio 2012\Projects\CS432ProjectOne\CS432ProjectOne\Debug\link.6228.read.1.tlog
C:\Users\Daniel\documents\visual studio 2012\Projects\CS432ProjectOne\CS432ProjectOne\Debug\link.6228.write.1.tlog
C:\Users\Daniel\documents\visual studio 2012\Projects\CS432ProjectOne\CS432ProjectOne\Debug\link.6376-cvtres.read.1.tlog
C:\Users\Daniel\documents\visual studio 2012\Projects\CS432ProjectOne\CS432ProjectOne\Debug\link.6376-cvtres.write.1.tlog
C:\Users\Daniel\documents\visual studio 2012\Projects\CS432ProjectOne\CS432ProjectOne\Debug\link.6376-rc.read.1.tlog
C:\Users\Daniel\documents\visual studio 2012\Projects\CS432ProjectOne\CS432ProjectOne\Debug\link.6376-rc.write.1.tlog
C:\Users\Daniel\documents\visual studio 2012\Projects\CS432ProjectOne\CS432ProjectOne\Debug\link.6376.read.1.tlog
C:\Users\Daniel\documents\visual studio 2012\Projects\CS432ProjectOne\CS432ProjectOne\Debug\link.6376.write.1.tlog
C:\Users\Daniel\documents\visual studio 2012\Projects\CS432ProjectOne\CS432ProjectOne\Debug\link.6492-cvtres.read.1.tlog
C:\Users\Daniel\documents\visual studio 2012\Projects\CS432ProjectOne\CS432ProjectOne\Debug\link.6492-cvtres.write.1.tlog
C:\Users\Daniel\documents\visual studio 2012\Projects\CS432ProjectOne\CS432ProjectOne\Debug\link.6492-rc.read.1.tlog
C:\Users\Daniel\documents\visual studio 2012\Projects\CS432ProjectOne\CS432ProjectOne\Debug\link.6492-rc.write.1.tlog
C:\Users\Daniel\documents\visual studio 2012\Projects\CS432ProjectOne\CS432ProjectOne\Debug\link.6492.read.1.tlog
C:\Users\Daniel\documents\visual studio 2012\Projects\CS432ProjectOne\CS432ProjectOne\Debug\link.6492.write.1.tlog
C:\Users\Daniel\documents\visual studio 2012\Projects\CS432ProjectOne\CS432ProjectOne\Debug\link.6776-cvtres.read.1.tlog
C:\Users\Daniel\documents\visual studio 2012\Projects\CS432ProjectOne\CS432ProjectOne\Debug\link.6776-cvtres.write.1.tlog
C:\Users\Daniel\documents\visual studio 2012\Projects\CS432ProjectOne\CS432ProjectOne\Debug\link.6776-rc.read.1.tlog
C:\Users\Daniel\documents\visual studio 2012\Projects\CS432ProjectOne\CS432ProjectOne\Debug\link.6776-rc.write.1.tlog
C:\Users\Daniel\documents\visual studio 2012\Projects\CS432ProjectOne\CS432ProjectOne\Debug\link.6776.read.1.tlog
C:\Users\Daniel\documents\visual studio 2012\Projects\CS432ProjectOne\CS432ProjectOne\Debug\link.6776.write.1.tlog
C:\Users\Daniel\documents\visual studio 2012\Projects\CS432ProjectOne\CS432ProjectOne\Debug\link.6860-cvtres.read.1.tlog
C:\Users\Daniel\documents\visual studio 2012\Projects\CS432ProjectOne\CS432ProjectOne\Debug\link.6860-cvtres.write.1.tlog
C:\Users\Daniel\documents\visual studio 2012\Projects\CS432ProjectOne\CS432ProjectOne\Debug\link.6860-rc.read.1.tlog
C:\Users\Daniel\documents\visual studio 2012\Projects\CS432ProjectOne\CS432ProjectOne\Debug\link.6860-rc.write.1.tlog
C:\Users\Daniel\documents\visual studio 2012\Projects\CS432ProjectOne\CS432ProjectOne\Debug\link.6860.read.1.tlog
C:\Users\Daniel\documents\visual studio 2012\Projects\CS432ProjectOne\CS432ProjectOne\Debug\link.6860.write.1.tlog
C:\Users\Daniel\documents\visual studio 2012\Projects\CS432ProjectOne\CS432ProjectOne\Debug\link.7448-cvtres.read.1.tlog
C:\Users\Daniel\documents\visual studio 2012\Projects\CS432ProjectOne\CS432ProjectOne\Debug\link.7448-cvtres.write.1.tlog
C:\Users\Daniel\documents\visual studio 2012\Projects\CS432ProjectOne\CS432ProjectOne\Debug\link.7448-rc.read.1.tlog
C:\Users\Daniel\documents\visual studio 2012\Projects\CS432ProjectOne\CS432ProjectOne\Debug\link.7448-rc.write.1.tlog
C:\Users\Daniel\documents\visual studio 2012\Projects\CS432ProjectOne\CS432ProjectOne\Debug\link.7448.read.1.tlog
C:\Users\Daniel\documents\visual studio 2012\Projects\CS432ProjectOne\CS432ProjectOne\Debug\link.7448.write.1.tlog
C:\Users\Daniel\documents\visual studio 2012\Projects\CS432ProjectOne\CS432ProjectOne\Debug\link.7672-cvtres.read.1.tlog
C:\Users\Daniel\documents\visual studio 2012\Projects\CS432ProjectOne\CS432ProjectOne\Debug\link.7672-cvtres.write.1.tlog
C:\Users\Daniel\documents\visual studio 2012\Projects\CS432ProjectOne\CS432ProjectOne\Debug\link.7672-rc.read.1.tlog
C:\Users\Daniel\documents\visual studio 2012\Projects\CS432ProjectOne\CS432ProjectOne\Debug\link.7672-rc.write.1.tlog
C:\Users\Daniel\documents\visual studio 2012\Projects\CS432ProjectOne\CS432ProjectOne\Debug\link.7672.read.1.tlog
C:\Users\Daniel\documents\visual studio 2012\Projects\CS432ProjectOne\CS432ProjectOne\Debug\link.7672.write.1.tlog
C:\Users\Daniel\documents\visual studio 2012\Projects\CS432ProjectOne\CS432ProjectOne\Debug\link.7680-cvtres.read.1.tlog
C:\Users\Daniel\documents\visual studio 2012\Projects\CS432ProjectOne\CS432ProjectOne\Debug\link.7680-cvtres.write.1.tlog
C:\Users\Daniel\documents\visual studio 2012\Projects\CS432ProjectOne\CS432ProjectOne\Debug\link.7680-rc.read.1.tlog
C:\Users\Daniel\documents\visual studio 2012\Projects\CS432ProjectOne\CS432ProjectOne\Debug\link.7680-rc.write.1.tlog
C:\Users\Daniel\documents\visual studio 2012\Projects\CS432ProjectOne\CS432ProjectOne\Debug\link.7680.read.1.tlog
C:\Users\Daniel\documents\visual studio 2012\Projects\CS432ProjectOne\CS432ProjectOne\Debug\link.7680.write.1.tlog
C:\Users\Daniel\documents\visual studio 2012\Projects\CS432ProjectOne\CS432ProjectOne\Debug\link.7732-cvtres.read.1.tlog
C:\Users\Daniel\documents\visual studio 2012\Projects\CS432ProjectOne\CS432ProjectOne\Debug\link.7732-cvtres.write.1.tlog
C:\Users\Daniel\documents\visual studio 2012\Projects\CS432ProjectOne\CS432ProjectOne\Debug\link.7732-rc.read.1.tlog
C:\Users\Daniel\documents\visual studio 2012\Projects\CS432ProjectOne\CS432ProjectOne\Debug\link.7732-rc.write.1.tlog
C:\Users\Daniel\documents\visual studio 2012\Projects\CS432ProjectOne\CS432ProjectOne\Debug\link.7732.read.1.tlog
C:\Users\Daniel\documents\visual studio 2012\Projects\CS432ProjectOne\CS432ProjectOne\Debug\link.7732.write.1.tlog
C:\Users\Daniel\documents\visual studio 2012\Projects\CS432ProjectOne\CS432ProjectOne\Debug\link.7840-cvtres.read.1.tlog
C:\Users\Daniel\documents\visual studio 2012\Projects\CS432ProjectOne\CS432ProjectOne\Debug\link.7840-cvtres.write.1.tlog
C:\Users\Daniel\documents\visual studio 2012\Projects\CS432ProjectOne\CS432ProjectOne\Debug\link.7840-rc.read.1.tlog
C:\Users\Daniel\documents\visual studio 2012\Projects\CS432ProjectOne\CS432ProjectOne\Debug\link.7840-rc.write.1.tlog
C:\Users\Daniel\documents\visual studio 2012\Projects\CS432ProjectOne\CS432ProjectOne\Debug\link.7840.read.1.tlog
C:\Users\Daniel\documents\visual studio 2012\Projects\CS432ProjectOne\CS432ProjectOne\Debug\link.7840.write.1.tlog
C:\Users\Daniel\documents\visual studio 2012\Projects\CS432ProjectOne\CS432ProjectOne\Debug\link.916-cvtres.read.1.tlog
C:\Users\Daniel\documents\visual studio 2012\Projects\CS432ProjectOne\CS432ProjectOne\Debug\link.916-cvtres.write.1.tlog
C:\Users\Daniel\documents\visual studio 2012\Projects\CS432ProjectOne\CS432ProjectOne\Debug\link.916-rc.read.1.tlog
C:\Users\Daniel\documents\visual studio 2012\Projects\CS432ProjectOne\CS432ProjectOne\Debug\link.916-rc.write.1.tlog
C:\Users\Daniel\documents\visual studio 2012\Projects\CS432ProjectOne\CS432ProjectOne\Debug\link.916.read.1.tlog
C:\Users\Daniel\documents\visual studio 2012\Projects\CS432ProjectOne\CS432ProjectOne\Debug\link.916.write.1.tlog
C:\Users\Daniel\documents\visual studio 2012\Projects\CS432ProjectOne\CS432ProjectOne\Debug\link.936-cvtres.read.1.tlog
C:\Users\Daniel\documents\visual studio 2012\Projects\CS432ProjectOne\CS432ProjectOne\Debug\link.936-cvtres.write.1.tlog
C:\Users\Daniel\documents\visual studio 2012\Projects\CS432ProjectOne\CS432ProjectOne\Debug\link.936-rc.read.1.tlog
C:\Users\Daniel\documents\visual studio 2012\Projects\CS432ProjectOne\CS432ProjectOne\Debug\link.936-rc.write.1.tlog
C:\Users\Daniel\documents\visual studio 2012\Projects\CS432ProjectOne\CS432ProjectOne\Debug\link.936.read.1.tlog
C:\Users\Daniel\documents\visual studio 2012\Projects\CS432ProjectOne\CS432ProjectOne\Debug\link.936.write.1.tlog
C:\Users\Daniel\documents\visual studio 2012\Projects\CS432ProjectOne\CS432ProjectOne\Debug\link.command.1.tlog
C:\Users\Daniel\documents\visual studio 2012\Projects\CS432ProjectOne\CS432ProjectOne\Debug\link.read.1.tlog
C:\Users\Daniel\documents\visual studio 2012\Projects\CS432ProjectOne\CS432ProjectOne\Debug\link.write.1.tlog
C:\Users\Daniel\documents\visual studio 2012\Projects\CS432ProjectOne\CS432ProjectOne\Debug\vc110.idb
C:\Users\Daniel\documents\visual studio 2012\Projects\CS432ProjectOne\CS432ProjectOne\Debug\vc110.pdb
C:\Users\Daniel\documents\visual studio 2012\Projects\CS432ProjectOne\Debug\CS432ProjectOne.pdb
C:\Users\Daniel\documents\visual studio 2012\Projects\CS432ProjectOne\Debug\CS432ProjectOne.exe
C:\Users\Daniel\documents\visual studio 2012\Projects\CS432ProjectOne\Debug\CS432ProjectOne.ilk
